0 verbose cli /usr/local/bin/node /usr/local/lib/node_modules/npm/bin/npm-cli.js
1 info using npm@10.9.2
2 info using node@v22.16.0
3 silly config load:file:/usr/local/lib/node_modules/npm/npmrc
4 silly config load:file:/Users/mattiamasciari/Documents/🤖 APP & AI/UTR - Website/.npmrc
5 silly config load:file:/Users/mattiamasciari/.npmrc
6 silly config load:file:/usr/local/etc/npmrc
7 verbose title npm exec create-next-app@latest frontend --ts --tailwind --eslint --app --src-dir --import-alias @/* --use-npm
8 verbose argv "exec" "--yes" "--" "create-next-app@latest" "frontend" "--ts" "--tailwind" "--eslint" "--app" "--src-dir" "--import-alias" "@/*" "--use-npm"
9 verbose logfile logs-max:10 dir:/Users/mattiamasciari/Documents/🤖 APP & AI/UTR - Website/.tmp/.npm_cache/_logs/2026-04-12T17_18_31_497Z-
10 verbose logfile /Users/mattiamasciari/Documents/🤖 APP & AI/UTR - Website/.tmp/.npm_cache/_logs/2026-04-12T17_18_31_497Z-debug-0.log
11 silly logfile done cleaning log files
12 silly packumentCache heap:4345298944 maxSize:1086324736 maxEntrySize:543162368
13 http fetch GET 200 https://registry.npmjs.org/create-next-app 414ms (cache revalidated)
14 silly packumentCache heap:4345298944 maxSize:1086324736 maxEntrySize:543162368
15 silly packumentCache heap:4345298944 maxSize:1086324736 maxEntrySize:543162368
16 verbose cwd /Users/mattiamasciari/Documents/🤖 APP & AI/UTR - Website
17 verbose os Darwin 25.0.0
18 verbose node v22.16.0
19 verbose npm  v10.9.2
20 verbose exit 0
21 info ok
